<?xml version="1.0" encoding="UTF-8" standalone="no"?>
<!DOCTYPE log SYSTEM "logger.dtd">
<log>
<record>
  <date>2019-02-01T01:59:49</date>
  <millis>1548975589505</millis>
  <sequence>0</sequence>
  <logger></logger>
  <level>INFO</level>
  <class>java.util.logging.LogManager$RootLogger</class>
  <method>log</method>
  <thread>1</thread>
  <message>Сервер запущен на порту 8189</message>
</record>
<record>
  <date>2019-02-01T02:00:01</date>
  <millis>1548975601114</millis>
  <sequence>1</sequence>
  <logger></logger>
  <level>INFO</level>
  <class>java.util.logging.LogManager$RootLogger</class>
  <method>log</method>
  <thread>1</thread>
  <message>Подключился новый клиент</message>
</record>
</log>
